app/build/intermediates/manifest_merge_blame_file/debug/processDebugMainManifest/manifest-merger-blame-debug-report.txt
1<?xml version="1.0" encoding="utf-8"?>
2<manifest xmlns:android="http://schemas.android.com/apk/res/android"
3    package="com.example.cbdc"
4    android:versionCode="1"
5    android:versionName="1.0" >
6
7    <uses-sdk
8        android:minSdkVersion="26"
9        android:targetSdkVersion="34" />
10
11    <!-- Nearby Connections API Permissions (BLE + WiFi Direct) -->
12    <!-- Modern Bluetooth permissions (API 31+) -->
13    <uses-permission
13-->src\main\AndroidManifest.xml:7:5-9:31
14        android:name="android.permission.BLUETOOTH_SCAN"
14-->src\main\AndroidManifest.xml:7:22-70
15        android:usesPermissionFlags="neverForLocation" />
15-->src\main\AndroidManifest.xml:8:9-55
16    <uses-permission android:name="android.permission.BLUETOOTH_ADVERTISE" />
16-->src\main\AndroidManifest.xml:10:5-78
16-->src\main\AndroidManifest.xml:10:22-75
17    <uses-permission android:name="android.permission.BLUETOOTH_CONNECT" />
17-->src\main\AndroidManifest.xml:11:5-76
17-->src\main\AndroidManifest.xml:11:22-73
18
19    <!-- Nearby WiFi Devices permission (API 33+) -->
20    <uses-permission
20-->src\main\AndroidManifest.xml:14:5-16:38
21        android:name="android.permission.NEARBY_WIFI_DEVICES"
21-->src\main\AndroidManifest.xml:14:22-75
22        android:usesPermissionFlags="neverForLocation" />
22-->src\main\AndroidManifest.xml:15:9-55
23
24    <!-- Legacy Bluetooth permissions (for older devices, API < 31) -->
25    <uses-permission
25-->src\main\AndroidManifest.xml:19:5-94
26        android:name="android.permission.BLUETOOTH"
26-->src\main\AndroidManifest.xml:19:22-65
27        android:maxSdkVersion="30" />
27-->src\main\AndroidManifest.xml:19:66-92
28    <uses-permission
28-->src\main\AndroidManifest.xml:20:5-100
29        android:name="android.permission.BLUETOOTH_ADMIN"
29-->src\main\AndroidManifest.xml:20:22-71
30        android:maxSdkVersion="30" />
30-->src\main\AndroidManifest.xml:20:72-98
31
32    <!-- Location Permission (required for BLE on older Android versions) -->
33    <uses-permission
33-->src\main\AndroidManifest.xml:23:5-106
34        android:name="android.permission.ACCESS_FINE_LOCATION"
34-->src\main\AndroidManifest.xml:23:22-76
35        android:maxSdkVersion="32" />
35-->src\main\AndroidManifest.xml:23:77-103
36    <uses-permission android:name="android.permission.ACCESS_COARSE_LOCATION" />
36-->src\main\AndroidManifest.xml:24:5-81
36-->src\main\AndroidManifest.xml:24:22-78
37
38    <!-- WiFi State permissions for Nearby Connections -->
39    <uses-permission android:name="android.permission.ACCESS_WIFI_STATE" />
39-->src\main\AndroidManifest.xml:27:5-76
39-->src\main\AndroidManifest.xml:27:22-73
40    <uses-permission android:name="android.permission.CHANGE_WIFI_STATE" />
40-->src\main\AndroidManifest.xml:28:5-76
40-->src\main\AndroidManifest.xml:28:22-73
41
42    <!-- Camera Permission for QR Scanning -->
43    <uses-permission android:name="android.permission.CAMERA" />
43-->src\main\AndroidManifest.xml:31:5-65
43-->src\main\AndroidManifest.xml:31:22-62
44
45    <!-- Internet Permission (for future reconciliation) -->
46    <uses-permission android:name="android.permission.INTERNET" />
46-->src\main\AndroidManifest.xml:34:5-67
46-->src\main\AndroidManifest.xml:34:22-64
47
48    <!-- NFC Permission (optional, for future enhancements) -->
49    <uses-permission android:name="android.permission.NFC" />
49-->src\main\AndroidManifest.xml:37:5-62
49-->src\main\AndroidManifest.xml:37:22-59
50
51    <uses-feature
51-->src\main\AndroidManifest.xml:39:5-90
52        android:name="android.hardware.bluetooth_le"
52-->src\main\AndroidManifest.xml:39:19-63
53        android:required="true" />
53-->src\main\AndroidManifest.xml:39:64-87
54    <uses-feature
54-->src\main\AndroidManifest.xml:40:5-84
55        android:name="android.hardware.camera"
55-->src\main\AndroidManifest.xml:40:19-57
56        android:required="true" />
56-->src\main\AndroidManifest.xml:40:58-81
57    <uses-feature
57-->src\main\AndroidManifest.xml:41:5-95
58        android:name="android.hardware.camera.autofocus"
58-->src\main\AndroidManifest.xml:41:19-67
59        android:required="false" />
59-->src\main\AndroidManifest.xml:41:68-92
60
61    <uses-permission android:name="android.permission.ACCESS_NETWORK_STATE" />
61-->[com.google.android.gms:play-services-nearby:19.3.0] AndroidManifest.xml:6:5-79
61-->[com.google.android.gms:play-services-nearby:19.3.0] AndroidManifest.xml:6:22-76
62
63    <permission
63-->[androidx.core:core:1.9.0] AndroidManifest.xml:22:5-24:47
64        android:name="com.example.cbdc.DYNAMIC_RECEIVER_NOT_EXPORTED_PERMISSION"
64-->[androidx.core:core:1.9.0] AndroidManifest.xml:23:9-81
65        android:protectionLevel="signature" />
65-->[androidx.core:core:1.9.0] AndroidManifest.xml:24:9-44
66
67    <uses-permission android:name="com.example.cbdc.DYNAMIC_RECEIVER_NOT_EXPORTED_PERMISSION" />
67-->[androidx.core:core:1.9.0] AndroidManifest.xml:26:5-97
67-->[androidx.core:core:1.9.0] AndroidManifest.xml:26:22-94
68
69    <uses-feature
69-->[com.journeyapps:zxing-android-embedded:4.3.0] AndroidManifest.xml:28:5-30:36
70        android:name="android.hardware.camera.front"
70-->[com.journeyapps:zxing-android-embedded:4.3.0] AndroidManifest.xml:29:9-53
71        android:required="false" />
71-->[com.journeyapps:zxing-android-embedded:4.3.0] AndroidManifest.xml:30:9-33
72    <uses-feature
72-->[com.journeyapps:zxing-android-embedded:4.3.0] AndroidManifest.xml:36:5-38:36
73        android:name="android.hardware.camera.flash"
73-->[com.journeyapps:zxing-android-embedded:4.3.0] AndroidManifest.xml:37:9-53
74        android:required="false" />
74-->[com.journeyapps:zxing-android-embedded:4.3.0] AndroidManifest.xml:38:9-33
75    <uses-feature
75-->[com.journeyapps:zxing-android-embedded:4.3.0] AndroidManifest.xml:39:5-41:36
76        android:name="android.hardware.screen.landscape"
76-->[com.journeyapps:zxing-android-embedded:4.3.0] AndroidManifest.xml:40:9-57
77        android:required="false" />
77-->[com.journeyapps:zxing-android-embedded:4.3.0] AndroidManifest.xml:41:9-33
78    <uses-feature
78-->[com.journeyapps:zxing-android-embedded:4.3.0] AndroidManifest.xml:42:5-44:36
79        android:name="android.hardware.wifi"
79-->[com.journeyapps:zxing-android-embedded:4.3.0] AndroidManifest.xml:43:9-45
80        android:required="false" />
80-->[com.journeyapps:zxing-android-embedded:4.3.0] AndroidManifest.xml:44:9-33
81
82    <application
82-->src\main\AndroidManifest.xml:43:5-79:19
83        android:allowBackup="true"
83-->src\main\AndroidManifest.xml:44:9-35
84        android:appComponentFactory="androidx.core.app.CoreComponentFactory"
84-->[androidx.core:core:1.9.0] AndroidManifest.xml:28:18-86
85        android:debuggable="true"
86        android:extractNativeLibs="false"
87        android:icon="@mipmap/ic_launcher"
87-->src\main\AndroidManifest.xml:45:9-43
88        android:label="@string/app_name"
88-->src\main\AndroidManifest.xml:46:9-41
89        android:roundIcon="@mipmap/ic_launcher_round"
89-->src\main\AndroidManifest.xml:47:9-54
90        android:supportsRtl="true"
90-->src\main\AndroidManifest.xml:48:9-35
91        android:theme="@style/Theme.OfflineCBDC" >
91-->src\main\AndroidManifest.xml:49:9-49
92
93        <!-- Nearby Service for P2P CBDC payments -->
94        <service
94-->src\main\AndroidManifest.xml:53:9-87
95            android:name="com.example.cbdc.ble.MerchantNearbyService"
95-->src\main\AndroidManifest.xml:53:18-59
96            android:exported="false" />
96-->src\main\AndroidManifest.xml:53:60-84
97
98        <activity
98-->src\main\AndroidManifest.xml:55:9-62:20
99            android:name="com.example.cbdc.MainActivity"
99-->src\main\AndroidManifest.xml:56:13-41
100            android:exported="true" >
100-->src\main\AndroidManifest.xml:57:13-36
101            <intent-filter>
101-->src\main\AndroidManifest.xml:58:13-61:29
102                <action android:name="android.intent.action.MAIN" />
102-->src\main\AndroidManifest.xml:59:17-69
102-->src\main\AndroidManifest.xml:59:25-66
103
104                <category android:name="android.intent.category.LAUNCHER" />
104-->src\main\AndroidManifest.xml:60:17-77
104-->src\main\AndroidManifest.xml:60:27-74
105            </intent-filter>
106        </activity>
107        <activity
107-->src\main\AndroidManifest.xml:64:9-66:40
108            android:name="com.example.cbdc.MerchantModeActivity"
108-->src\main\AndroidManifest.xml:65:13-49
109            android:exported="false" />
109-->src\main\AndroidManifest.xml:66:13-37
110        <activity
110-->src\main\AndroidManifest.xml:68:9-70:40
111            android:name="com.example.cbdc.PayerModeActivity"
111-->src\main\AndroidManifest.xml:69:13-46
112            android:exported="false" />
112-->src\main\AndroidManifest.xml:70:13-37
113        <activity
113-->src\main\AndroidManifest.xml:72:9-74:40
114            android:name="com.example.cbdc.QRDisplayActivity"
114-->src\main\AndroidManifest.xml:73:13-46
115            android:exported="false" />
115-->src\main\AndroidManifest.xml:74:13-37
116        <activity
116-->src\main\AndroidManifest.xml:76:9-78:40
117            android:name="com.example.cbdc.CameraQRScanActivity"
117-->src\main\AndroidManifest.xml:77:13-49
118            android:exported="false" />
118-->src\main\AndroidManifest.xml:78:13-37
119
120        <service
120-->[androidx.camera:camera-camera2:1.3.0] AndroidManifest.xml:24:9-33:19
121            android:name="androidx.camera.core.impl.MetadataHolderService"
121-->[androidx.camera:camera-camera2:1.3.0] AndroidManifest.xml:25:13-75
122            android:enabled="false"
122-->[androidx.camera:camera-camera2:1.3.0] AndroidManifest.xml:26:13-36
123            android:exported="false" >
123-->[androidx.camera:camera-camera2:1.3.0] AndroidManifest.xml:27:13-37
124            <meta-data
124-->[androidx.camera:camera-camera2:1.3.0] AndroidManifest.xml:30:13-32:89
125                android:name="androidx.camera.core.impl.MetadataHolderService.DEFAULT_CONFIG_PROVIDER"
125-->[androidx.camera:camera-camera2:1.3.0] AndroidManifest.xml:31:17-103
126                android:value="androidx.camera.camera2.Camera2Config$DefaultProvider" />
126-->[androidx.camera:camera-camera2:1.3.0] AndroidManifest.xml:32:17-86
127        </service>
128        <service
128-->[com.google.android.gms:play-services-nearby:19.3.0] AndroidManifest.xml:9:9-214
129            android:name="com.google.android.gms.nearby.exposurenotification.WakeUpService"
129-->[com.google.android.gms:play-services-nearby:19.3.0] AndroidManifest.xml:9:18-97
130            android:exported="true"
130-->[com.google.android.gms:play-services-nearby:19.3.0] AndroidManifest.xml:9:98-121
131            android:permission="com.google.android.gms.nearby.exposurenotification.EXPOSURE_CALLBACK" />
131-->[com.google.android.gms:play-services-nearby:19.3.0] AndroidManifest.xml:9:122-211
132
133        <provider
133-->[androidx.emoji2:emoji2:1.2.0] AndroidManifest.xml:24:9-32:20
134            android:name="androidx.startup.InitializationProvider"
134-->[androidx.emoji2:emoji2:1.2.0] AndroidManifest.xml:25:13-67
135            android:authorities="com.example.cbdc.androidx-startup"
135-->[androidx.emoji2:emoji2:1.2.0] AndroidManifest.xml:26:13-68
136            android:exported="false" >
136-->[androidx.emoji2:emoji2:1.2.0] AndroidManifest.xml:27:13-37
137            <meta-data
137-->[androidx.emoji2:emoji2:1.2.0] AndroidManifest.xml:29:13-31:52
138                android:name="androidx.emoji2.text.EmojiCompatInitializer"
138-->[androidx.emoji2:emoji2:1.2.0] AndroidManifest.xml:30:17-75
139                android:value="androidx.startup" />
139-->[androidx.emoji2:emoji2:1.2.0] AndroidManifest.xml:31:17-49
140            <meta-data
140-->[androidx.lifecycle:lifecycle-process:2.6.2] AndroidManifest.xml:29:13-31:52
141                android:name="androidx.lifecycle.ProcessLifecycleInitializer"
141-->[androidx.lifecycle:lifecycle-process:2.6.2] AndroidManifest.xml:30:17-78
142                android:value="androidx.startup" />
142-->[androidx.lifecycle:lifecycle-process:2.6.2] AndroidManifest.xml:31:17-49
143            <meta-data
143-->[androidx.profileinstaller:profileinstaller:1.3.0] AndroidManifest.xml:29:13-31:52
144                android:name="androidx.profileinstaller.ProfileInstallerInitializer"
144-->[androidx.profileinstaller:profileinstaller:1.3.0] AndroidManifest.xml:30:17-85
145                android:value="androidx.startup" />
145-->[androidx.profileinstaller:profileinstaller:1.3.0] AndroidManifest.xml:31:17-49
146        </provider>
147
148        <activity
148-->[com.google.android.gms:play-services-base:18.5.0] AndroidManifest.xml:5:9-173
149            android:name="com.google.android.gms.common.api.GoogleApiActivity"
149-->[com.google.android.gms:play-services-base:18.5.0] AndroidManifest.xml:5:19-85
150            android:exported="false"
150-->[com.google.android.gms:play-services-base:18.5.0] AndroidManifest.xml:5:146-170
151            android:theme="@android:style/Theme.Translucent.NoTitleBar" />
151-->[com.google.android.gms:play-services-base:18.5.0] AndroidManifest.xml:5:86-145
152
153        <meta-data
153-->[com.google.android.gms:play-services-basement:18.4.0] AndroidManifest.xml:6:9-122
154            android:name="com.google.android.gms.version"
154-->[com.google.android.gms:play-services-basement:18.4.0] AndroidManifest.xml:6:20-65
155            android:value="@integer/google_play_services_version" />
155-->[com.google.android.gms:play-services-basement:18.4.0] AndroidManifest.xml:6:66-119
156
157        <activity
157-->[com.journeyapps:zxing-android-embedded:4.3.0] AndroidManifest.xml:47:9-53:63
158            android:name="com.journeyapps.barcodescanner.CaptureActivity"
158-->[com.journeyapps:zxing-android-embedded:4.3.0] AndroidManifest.xml:48:13-74
159            android:clearTaskOnLaunch="true"
159-->[com.journeyapps:zxing-android-embedded:4.3.0] AndroidManifest.xml:49:13-45
160            android:screenOrientation="sensorLandscape"
160-->[com.journeyapps:zxing-android-embedded:4.3.0] AndroidManifest.xml:50:13-56
161            android:stateNotNeeded="true"
161-->[com.journeyapps:zxing-android-embedded:4.3.0] AndroidManifest.xml:51:13-42
162            android:theme="@style/zxing_CaptureTheme"
162-->[com.journeyapps:zxing-android-embedded:4.3.0] AndroidManifest.xml:52:13-54
163            android:windowSoftInputMode="stateAlwaysHidden" />
163-->[com.journeyapps:zxing-android-embedded:4.3.0] AndroidManifest.xml:53:13-60
164
165        <receiver
165-->[androidx.profileinstaller:profileinstaller:1.3.0] AndroidManifest.xml:34:9-52:20
166            android:name="androidx.profileinstaller.ProfileInstallReceiver"
166-->[androidx.profileinstaller:profileinstaller:1.3.0] AndroidManifest.xml:35:13-76
167            android:directBootAware="false"
167-->[androidx.profileinstaller:profileinstaller:1.3.0] AndroidManifest.xml:36:13-44
168            android:enabled="true"
168-->[androidx.profileinstaller:profileinstaller:1.3.0] AndroidManifest.xml:37:13-35
169            android:exported="true"
169-->[androidx.profileinstaller:profileinstaller:1.3.0] AndroidManifest.xml:38:13-36
170            android:permission="android.permission.DUMP" >
170-->[androidx.profileinstaller:profileinstaller:1.3.0] AndroidManifest.xml:39:13-57
171            <intent-filter>
171-->[androidx.profileinstaller:profileinstaller:1.3.0] AndroidManifest.xml:40:13-42:29
172                <action android:name="androidx.profileinstaller.action.INSTALL_PROFILE" />
172-->[androidx.profileinstaller:profileinstaller:1.3.0] AndroidManifest.xml:41:17-91
172-->[androidx.profileinstaller:profileinstaller:1.3.0] AndroidManifest.xml:41:25-88
173            </intent-filter>
174            <intent-filter>
174-->[androidx.profileinstaller:profileinstaller:1.3.0] AndroidManifest.xml:43:13-45:29
175                <action android:name="androidx.profileinstaller.action.SKIP_FILE" />
175-->[androidx.profileinstaller:profileinstaller:1.3.0] AndroidManifest.xml:44:17-85
175-->[androidx.profileinstaller:profileinstaller:1.3.0] AndroidManifest.xml:44:25-82
176            </intent-filter>
177            <intent-filter>
177-->[androidx.profileinstaller:profileinstaller:1.3.0] AndroidManifest.xml:46:13-48:29
178                <action android:name="androidx.profileinstaller.action.SAVE_PROFILE" />
178-->[androidx.profileinstaller:profileinstaller:1.3.0] AndroidManifest.xml:47:17-88
178-->[androidx.profileinstaller:profileinstaller:1.3.0] AndroidManifest.xml:47:25-85
179            </intent-filter>
180            <intent-filter>
180-->[androidx.profileinstaller:profileinstaller:1.3.0] AndroidManifest.xml:49:13-51:29
181                <action android:name="androidx.profileinstaller.action.BENCHMARK_OPERATION" />
181-->[androidx.profileinstaller:profileinstaller:1.3.0] AndroidManifest.xml:50:17-95
181-->[androidx.profileinstaller:profileinstaller:1.3.0] AndroidManifest.xml:50:25-92
182            </intent-filter>
183        </receiver>
184    </application>
185
186</manifest>